c:\users\adity\onedrive\documents\visual studio 2015\projects\introductionc++\quizzes\debug\vc140.pdb
c:\users\adity\onedrive\documents\visual studio 2015\projects\introductionc++\quizzes\debug\vc140.idb
c:\users\adity\onedrive\documents\visual studio 2015\projects\introductionc++\quizzes\debug\average.obj
c:\users\adity\onedrive\documents\visual studio 2015\projects\introductionc++\quizzes\debug\highestlowest.obj
c:\users\adity\onedrive\documents\visual studio 2015\projects\introductionc++\quizzes\debug\prime.obj
c:\users\adity\onedrive\documents\visual studio 2015\projects\introductionc++\quizzes\debug\binary.obj
c:\users\adity\onedrive\documents\visual studio 2015\projects\introductionc++\quizzes\debug\vidyadharan, aditya sumodd.obj
c:\users\adity\onedrive\documents\visual studio 2015\projects\introductionc++\quizzes\debug\gradehistogram.obj
c:\users\adity\onedrive\documents\visual studio 2015\projects\introductionc++\quizzes\debug\avaneenhistogram.obj
c:\users\adity\onedrive\documents\visual studio 2015\projects\introductionc++\quizzes\debug\vowelsearch.obj
c:\users\adity\onedrive\documents\visual studio 2015\projects\introductionc++\quizzes\debug\vidyadharan, aditya dateoffset.obj
c:\users\adity\onedrive\documents\visual studio 2015\projects\introductionc++\quizzes\debug\vidyadharan, aditya prime number.obj
c:\users\adity\onedrive\documents\visual studio 2015\projects\introductionc++\quizzes\debug\missingnumber.obj
c:\users\adity\onedrive\documents\visual studio 2015\projects\introductionc++\quizzes\debug\eratosthenes.obj
c:\users\adity\onedrive\documents\visual studio 2015\projects\introductionc++\quizzes\debug\decimaltobinary.obj
c:\users\adity\onedrive\documents\visual studio 2015\projects\introductionc++\quizzes\debug\binarytodecimal.obj
c:\users\adity\onedrive\documents\visual studio 2015\projects\introductionc++\quizzes\debug\vidyadharan, aditya transpose.obj
c:\users\adity\onedrive\documents\visual studio 2015\projects\introductionc++\quizzes\debug\symmetricalarray.obj
c:\users\adity\onedrive\documents\visual studio 2015\projects\introductionc++\debug\quizzes.ilk
c:\users\adity\onedrive\documents\visual studio 2015\projects\introductionc++\debug\quizzes.exe
c:\users\adity\onedrive\documents\visual studio 2015\projects\introductionc++\debug\quizzes.pdb
c:\users\adity\onedrive\documents\visual studio 2015\projects\introductionc++\quizzes\debug\quizzes.tlog\cl.command.1.tlog
c:\users\adity\onedrive\documents\visual studio 2015\projects\introductionc++\quizzes\debug\quizzes.tlog\cl.read.1.tlog
c:\users\adity\onedrive\documents\visual studio 2015\projects\introductionc++\quizzes\debug\quizzes.tlog\cl.write.1.tlog
c:\users\adity\onedrive\documents\visual studio 2015\projects\introductionc++\quizzes\debug\quizzes.tlog\link.command.1.tlog
c:\users\adity\onedrive\documents\visual studio 2015\projects\introductionc++\quizzes\debug\quizzes.tlog\link.read.1.tlog
c:\users\adity\onedrive\documents\visual studio 2015\projects\introductionc++\quizzes\debug\quizzes.tlog\link.write.1.tlog
